# JRE version: Java(TM) SE Runtime Environment (16.0.1+9) (build 16.0.1+9-24)
# Java VM: Java HotSpot(TM) 64-Bit Server VM (16.0.1+9-24, mixed mode, sharing, tiered, compressed oops, compressed class ptrs, g1 gc, windows-amd64)
GC Precious Log:
 CPUs: 2 total, 2 available
 Memory: 4013M
 Large Page Support: Disabled
 NUMA Support: Disabled
 Compressed Oops: Enabled (32-bit)
 Heap Region Size: 1M
 Heap Min Capacity: 8M
 Heap Initial Capacity: 64M
 Heap Max Capacity: 1004M
 Pre-touch: Disabled
 Parallel Workers: 2
 Concurrent Workers: 1
 Concurrent Refinement Workers: 2
 Periodic GC: Disabled
Heap:
 garbage-first heap   total 65536K, used 36365K [0x00000000c1400000, 0x0000000100000000)
  region size 1024K, 5 young (5120K), 3 survivors (3072K)
 Metaspace       used 17973K, committed 18368K, reserved 1073152K
  class space    used 1879K, committed 2048K, reserved 1048576K
GC Heap History (20 events):
Event: 1005.177 GC heap before
{Heap before GC invocations=13 (full 0):
 garbage-first heap   total 65536K, used 54579K [0x00000000c1400000, 0x0000000100000000)
  region size 1024K, 31 young (31744K), 1 survivors (1024K)
 Metaspace       used 16826K, committed 17152K, reserved 1064960K
  class space    used 1728K, committed 1920K, reserved 1048576K
}
Event: 1005.184 GC heap after
{Heap after GC invocations=14 (full 0):
 garbage-first heap   total 65536K, used 23848K [0x00000000c1400000, 0x0000000100000000)
  region size 1024K, 1 young (1024K), 1 survivors (1024K)
 Metaspace       used 16826K, committed 17152K, reserved 1064960K
  class space    used 1728K, committed 1920K, reserved 1048576K
}
Event: 1006.559 GC heap before
{Heap before GC invocations=14 (full 0):
 garbage-first heap   total 65536K, used 54568K [0x00000000c1400000, 0x0000000100000000)
  region size 1024K, 31 young (31744K), 1 survivors (1024K)
 Metaspace       used 16833K, committed 17152K, reserved 1064960K
  class space    used 1728K, committed 1920K, reserved 1048576K
}
Event: 1006.562 GC heap after
{Heap after GC invocations=15 (full 0):
 garbage-first heap   total 65536K, used 23817K [0x00000000c1400000, 0x0000000100000000)
  region size 1024K, 1 young (1024K), 1 survivors (1024K)
 Metaspace       used 16833K, committed 17152K, reserved 1064960K
  class space    used 1728K, committed 1920K, reserved 1048576K
}
Event: 1011.233 GC heap before
{Heap before GC invocations=15 (full 0):
 garbage-first heap   total 65536K, used 54537K [0x00000000c1400000, 0x0000000100000000)
  region size 1024K, 31 young (31744K), 1 survivors (1024K)
 Metaspace       used 16853K, committed 17152K, reserved 1064960K
  class space    used 1728K, committed 1920K, reserved 1048576K
}
Event: 1011.238 GC heap after
{Heap after GC invocations=16 (full 0):
 garbage-first heap   total 65536K, used 23835K [0x00000000c1400000, 0x0000000100000000)
  region size 1024K, 1 young (1024K), 1 survivors (1024K)
 Metaspace       used 16853K, committed 17152K, reserved 1064960K
  class space    used 1728K, committed 1920K, reserved 1048576K
}
Event: 1022.093 GC heap before
{Heap before GC invocations=16 (full 0):
 garbage-first heap   total 65536K, used 55579K [0x00000000c1400000, 0x0000000100000000)
  region size 1024K, 32 young (32768K), 1 survivors (1024K)
 Metaspace       used 16935K, committed 17216K, reserved 1064960K
  class space    used 1728K, committed 1920K, reserved 1048576K
}
Event: 1022.100 GC heap after
{Heap after GC invocations=17 (full 0):
 garbage-first heap   total 65536K, used 23989K [0x00000000c1400000, 0x0000000100000000)
  region size 1024K, 2 young (2048K), 2 survivors (2048K)
 Metaspace       used 16935K, committed 17216K, reserved 1064960K
  class space    used 1728K, committed 1920K, reserved 1048576K
}
Event: 1050.115 GC heap before
{Heap before GC invocations=17 (full 0):
 garbage-first heap   total 65536K, used 54709K [0x00000000c1400000, 0x0000000100000000)
  region size 1024K, 32 young (32768K), 2 survivors (2048K)
 Metaspace       used 16971K, committed 17280K, reserved 1064960K
  class space    used 1728K, committed 1920K, reserved 1048576K
}
Event: 1050.118 GC heap after
{Heap after GC invocations=18 (full 0):
 garbage-first heap   total 65536K, used 24132K [0x00000000c1400000, 0x0000000100000000)
  region size 1024K, 2 young (2048K), 2 survivors (2048K)
 Metaspace       used 16971K, committed 17280K, reserved 1064960K
  class space    used 1728K, committed 1920K, reserved 1048576K
}
Event: 1095.307 GC heap before
{Heap before GC invocations=18 (full 0):
 garbage-first heap   total 65536K, used 54852K [0x00000000c1400000, 0x0000000100000000)
  region size 1024K, 32 young (32768K), 2 survivors (2048K)
 Metaspace       used 17071K, committed 17408K, reserved 1064960K
  class space    used 1728K, committed 1920K, reserved 1048576K
}
Event: 1095.311 GC heap after
{Heap after GC invocations=19 (full 0):
 garbage-first heap   total 65536K, used 24237K [0x00000000c1400000, 0x0000000100000000)
  region size 1024K, 2 young (2048K), 2 survivors (2048K)
 Metaspace       used 17071K, committed 17408K, reserved 1064960K
  class space    used 1728K, committed 1920K, reserved 1048576K
}
Event: 1161.329 GC heap before
{Heap before GC invocations=19 (full 0):
 garbage-first heap   total 65536K, used 60077K [0x00000000c1400000, 0x0000000100000000)
  region size 1024K, 32 young (32768K), 2 survivors (2048K)
 Metaspace       used 17491K, committed 17792K, reserved 1064960K
  class space    used 1781K, committed 1920K, reserved 1048576K
}
Event: 1161.333 GC heap after
{Heap after GC invocations=20 (full 0):
 garbage-first heap   total 65536K, used 29579K [0x00000000c1400000, 0x0000000100000000)
  region size 1024K, 2 young (2048K), 2 survivors (2048K)
 Metaspace       used 17491K, committed 17792K, reserved 1064960K
  class space    used 1781K, committed 1920K, reserved 1048576K
}
Event: 1161.369 GC heap before
{Heap before GC invocations=20 (full 0):
 garbage-first heap   total 65536K, used 29579K [0x00000000c1400000, 0x0000000100000000)
  region size 1024K, 3 young (3072K), 2 survivors (2048K)
 Metaspace       used 17614K, committed 17920K, reserved 1064960K
  class space    used 1826K, committed 1984K, reserved 1048576K
}
Event: 1161.377 GC heap after
{Heap after GC invocations=21 (full 0):
 garbage-first heap   total 65536K, used 29522K [0x00000000c1400000, 0x0000000100000000)
  region size 1024K, 2 young (2048K), 2 survivors (2048K)
 Metaspace       used 17614K, committed 17920K, reserved 1064960K
  class space    used 1826K, committed 1984K, reserved 1048576K
}
Event: 1161.448 GC heap before
{Heap before GC invocations=21 (full 0):
 garbage-first heap   total 65536K, used 37714K [0x00000000c1400000, 0x0000000100000000)
  region size 1024K, 7 young (7168K), 2 survivors (2048K)
 Metaspace       used 17645K, committed 17984K, reserved 1064960K
  class space    used 1833K, committed 1984K, reserved 1048576K
}
Event: 1161.455 GC heap after
{Heap after GC invocations=22 (full 0):
 garbage-first heap   total 65536K, used 33530K [0x00000000c1400000, 0x0000000100000000)
  region size 1024K, 2 young (2048K), 2 survivors (2048K)
 Metaspace       used 17645K, committed 17984K, reserved 1064960K
  class space    used 1833K, committed 1984K, reserved 1048576K
}
Event: 1358.772 GC heap before
{Heap before GC invocations=23 (full 0):
 garbage-first heap   total 65536K, used 55034K [0x00000000c1400000, 0x0000000100000000)
  region size 1024K, 22 young (22528K), 2 survivors (2048K)
 Metaspace       used 17967K, committed 18368K, reserved 1073152K
  class space    used 1874K, committed 2048K, reserved 1048576K
}
Event: 1358.785 GC heap after
{Heap after GC invocations=24 (full 0):
 garbage-first heap   total 65536K, used 35341K [0x00000000c1400000, 0x0000000100000000)
  region size 1024K, 3 young (3072K), 3 survivors (3072K)
 Metaspace       used 17967K, committed 18368K, reserved 1073152K
  class space    used 1874K, committed 2048K, reserved 1048576K
}

